This is XeTeX, Version 3.141592653-2.6-0.999996 (TeX Live 2024) (preloaded format=xelatex 2025.1.13)  13 JAN 2025 15:06
entering extended mode
 restricted \write18 enabled.
 %&-line parsing enabled.
**totalrisk-users-guide.tex
(./totalrisk-users-guide.tex
LaTeX2e <2024-11-01> patch level 1
L3 programming layer <2024-12-25>
(c:/Users/Q0RMCCHS/AppData/Roaming/TinyTeX/texmf-dist/tex/latex/base/book.cls
Document Class: book 2024/06/29 v1.4n Standard LaTeX document class
(c:/Users/Q0RMCCHS/AppData/Roaming/TinyTeX/texmf-dist/tex/latex/base/bk10.clo
File: bk10.clo 2024/06/29 v1.4n Standard LaTeX file (size option)
)
\c@part=\count192
\c@chapter=\count193
\c@section=\count194
\c@subsection=\count195
\c@subsubsection=\count196
\c@paragraph=\count197
\c@subparagraph=\count198
\c@figure=\count199
\c@table=\count266
\abovecaptionskip=\skip49
\belowcaptionskip=\skip50
\bibindent=\dimen141
) (c:/Users/Q0RMCCHS/AppData/Roaming/TinyTeX/texmf-dist/tex/latex/amsmath/amsmath.sty
Package: amsmath 2024/11/05 v2.17t AMS math features
\@mathmargin=\skip51
For additional information on amsmath, use the `?' option.
(c:/Users/Q0RMCCHS/AppData/Roaming/TinyTeX/texmf-dist/tex/latex/amsmath/amstext.sty
Package: amstext 2021/08/26 v2.01 AMS text
(c:/Users/Q0RMCCHS/AppData/Roaming/TinyTeX/texmf-dist/tex/latex/amsmath/amsgen.sty
File: amsgen.sty 1999/11/30 v2.0 generic functions
\@emptytoks=\toks17
\ex@=\dimen142
)) (c:/Users/Q0RMCCHS/AppData/Roaming/TinyTeX/texmf-dist/tex/latex/amsmath/amsbsy.sty
Package: amsbsy 1999/11/29 v1.2d Bold Symbols
\pmbraise@=\dimen143
) (c:/Users/Q0RMCCHS/AppData/Roaming/TinyTeX/texmf-dist/tex/latex/amsmath/amsopn.sty
Package: amsopn 2022/04/08 v2.04 operator names
)
\inf@bad=\count267
LaTeX Info: Redefining \frac on input line 233.
\uproot@=\count268
\leftroot@=\count269
LaTeX Info: Redefining \overline on input line 398.
LaTeX Info: Redefining \colon on input line 409.
\classnum@=\count270
\DOTSCASE@=\count271
LaTeX Info: Redefining \ldots on input line 495.
LaTeX Info: Redefining \dots on input line 498.
LaTeX Info: Redefining \cdots on input line 619.
\Mathstrutbox@=\box52
\strutbox@=\box53
LaTeX Info: Redefining \big on input line 721.
LaTeX Info: Redefining \Big on input line 722.
LaTeX Info: Redefining \bigg on input line 723.
LaTeX Info: Redefining \Bigg on input line 724.
\big@size=\dimen144
LaTeX Font Info:    Redeclaring font encoding OML on input line 742.
LaTeX Font Info:    Redeclaring font encoding OMS on input line 743.
\macc@depth=\count272
LaTeX Info: Redefining \bmod on input line 904.
LaTeX Info: Redefining \pmod on input line 909.
LaTeX Info: Redefining \smash on input line 939.
LaTeX Info: Redefining \relbar on input line 969.
LaTeX Info: Redefining \Relbar on input line 970.
\c@MaxMatrixCols=\count273
\dotsspace@=\muskip17
\c@parentequation=\count274
\dspbrk@lvl=\count275
\tag@help=\toks18
\row@=\count276
\column@=\count277
\maxfields@=\count278
\andhelp@=\toks19
\eqnshift@=\dimen145
\alignsep@=\dimen146
\tagshift@=\dimen147
\tagwidth@=\dimen148
\totwidth@=\dimen149
\lineht@=\dimen150
\@envbody=\toks20
\multlinegap=\skip52
\multlinetaggap=\skip53
\mathdisplay@stack=\toks21
LaTeX Info: Redefining \[ on input line 2953.
LaTeX Info: Redefining \] on input line 2954.
) (c:/Users/Q0RMCCHS/AppData/Roaming/TinyTeX/texmf-dist/tex/latex/amsfonts/amssymb.sty
Package: amssymb 2013/01/14 v3.01 AMS font symbols
(c:/Users/Q0RMCCHS/AppData/Roaming/TinyTeX/texmf-dist/tex/latex/amsfonts/amsfonts.sty
Package: amsfonts 2013/01/14 v3.01 Basic AMSFonts support
\symAMSa=\mathgroup4
\symAMSb=\mathgroup5
LaTeX Font Info:    Redeclaring math symbol \hbar on input line 98.
LaTeX Font Info:    Overwriting math alphabet `\mathfrak' in version `bold'
(Font)                  U/euf/m/n --> U/euf/b/n on input line 106.
)) (c:/Users/Q0RMCCHS/AppData/Roaming/TinyTeX/texmf-dist/tex/latex/lm/lmodern.sty
Package: lmodern 2015/05/01 v1.6.1 Latin Modern Fonts
LaTeX Font Info:    Overwriting symbol font `operators' in version `normal'
(Font)                  OT1/cmr/m/n --> OT1/lmr/m/n on input line 22.
LaTeX Font Info:    Overwriting symbol font `letters' in version `normal'
(Font)                  OML/cmm/m/it --> OML/lmm/m/it on input line 23.
LaTeX Font Info:    Overwriting symbol font `symbols' in version `normal'
(Font)                  OMS/cmsy/m/n --> OMS/lmsy/m/n on input line 24.
LaTeX Font Info:    Overwriting symbol font `largesymbols' in version `normal'
(Font)                  OMX/cmex/m/n --> OMX/lmex/m/n on input line 25.
LaTeX Font Info:    Overwriting symbol font `operators' in version `bold'
(Font)                  OT1/cmr/bx/n --> OT1/lmr/bx/n on input line 26.
LaTeX Font Info:    Overwriting symbol font `letters' in version `bold'
(Font)                  OML/cmm/b/it --> OML/lmm/b/it on input line 27.
LaTeX Font Info:    Overwriting symbol font `symbols' in version `bold'
(Font)                  OMS/cmsy/b/n --> OMS/lmsy/b/n on input line 28.
LaTeX Font Info:    Overwriting symbol font `largesymbols' in version `bold'
(Font)                  OMX/cmex/m/n --> OMX/lmex/m/n on input line 29.
LaTeX Font Info:    Overwriting math alphabet `\mathbf' in version `normal'
(Font)                  OT1/cmr/bx/n --> OT1/lmr/bx/n on input line 31.
LaTeX Font Info:    Overwriting math alphabet `\mathsf' in version `normal'
(Font)                  OT1/cmss/m/n --> OT1/lmss/m/n on input line 32.
LaTeX Font Info:    Overwriting math alphabet `\mathit' in version `normal'
(Font)                  OT1/cmr/m/it --> OT1/lmr/m/it on input line 33.
LaTeX Font Info:    Overwriting math alphabet `\mathtt' in version `normal'
(Font)                  OT1/cmtt/m/n --> OT1/lmtt/m/n on input line 34.
LaTeX Font Info:    Overwriting math alphabet `\mathbf' in version `bold'
(Font)                  OT1/cmr/bx/n --> OT1/lmr/bx/n on input line 35.
LaTeX Font Info:    Overwriting math alphabet `\mathsf' in version `bold'
(Font)                  OT1/cmss/bx/n --> OT1/lmss/bx/n on input line 36.
LaTeX Font Info:    Overwriting math alphabet `\mathit' in version `bold'
(Font)                  OT1/cmr/bx/it --> OT1/lmr/bx/it on input line 37.
LaTeX Font Info:    Overwriting math alphabet `\mathtt' in version `bold'
(Font)                  OT1/cmtt/m/n --> OT1/lmtt/m/n on input line 38.
) (c:/Users/Q0RMCCHS/AppData/Roaming/TinyTeX/texmf-dist/tex/generic/iftex/iftex.sty
Package: iftex 2024/12/12 v1.0g TeX engine tests
) (c:/Users/Q0RMCCHS/AppData/Roaming/TinyTeX/texmf-dist/tex/latex/unicode-math/unicode-math.sty (c:/Users/Q0RMCCHS/AppData/Roaming/TinyTeX/texmf-dist/tex/latex/l3kernel/expl3.sty
Package: expl3 2024-12-25 L3 programming layer (loader) 
(c:/Users/Q0RMCCHS/AppData/Roaming/TinyTeX/texmf-dist/tex/latex/l3backend/l3backend-xetex.def
File: l3backend-xetex.def 2024-05-08 L3 backend support: XeTeX
\g__graphics_track_int=\count279
\l__pdf_internal_box=\box54
\g__pdf_backend_annotation_int=\count280
\g__pdf_backend_link_int=\count281
))
Package: unicode-math 2023/08/13 v0.8r Unicode maths in XeLaTeX and LuaLaTeX
(c:/Users/Q0RMCCHS/AppData/Roaming/TinyTeX/texmf-dist/tex/latex/unicode-math/unicode-math-xetex.sty
Package: unicode-math-xetex 2023/08/13 v0.8r Unicode maths in XeLaTeX and LuaLaTeX
(c:/Users/Q0RMCCHS/AppData/Roaming/TinyTeX/texmf-dist/tex/latex/l3packages/xparse/xparse.sty
Package: xparse 2024-08-16 L3 Experimental document command parser
) (c:/Users/Q0RMCCHS/AppData/Roaming/TinyTeX/texmf-dist/tex/latex/l3packages/l3keys2e/l3keys2e.sty
Package: l3keys2e 2024-08-16 LaTeX2e option processing using LaTeX3 keys
) (c:/Users/Q0RMCCHS/AppData/Roaming/TinyTeX/texmf-dist/tex/latex/fontspec/fontspec.sty
Package: fontspec 2024/05/11 v2.9e Font selection for XeLaTeX and LuaLaTeX
(c:/Users/Q0RMCCHS/AppData/Roaming/TinyTeX/texmf-dist/tex/latex/fontspec/fontspec-xetex.sty
Package: fontspec-xetex 2024/05/11 v2.9e Font selection for XeLaTeX and LuaLaTeX
\l__fontspec_script_int=\count282
\l__fontspec_language_int=\count283
\l__fontspec_strnum_int=\count284
\l__fontspec_tmp_int=\count285
\l__fontspec_tmpa_int=\count286
\l__fontspec_tmpb_int=\count287
\l__fontspec_tmpc_int=\count288
\l__fontspec_em_int=\count289
\l__fontspec_emdef_int=\count290
\l__fontspec_strong_int=\count291
\l__fontspec_strongdef_int=\count292
\l__fontspec_tmpa_dim=\dimen151
\l__fontspec_tmpb_dim=\dimen152
\l__fontspec_tmpc_dim=\dimen153
(c:/Users/Q0RMCCHS/AppData/Roaming/TinyTeX/texmf-dist/tex/latex/base/fontenc.sty
Package: fontenc 2021/04/29 v2.0v Standard LaTeX package
) (c:/Users/Q0RMCCHS/AppData/Roaming/TinyTeX/texmf-dist/tex/latex/fontspec/fontspec.cfg))) (c:/Users/Q0RMCCHS/AppData/Roaming/TinyTeX/texmf-dist/tex/latex/base/fix-cm.sty
Package: fix-cm 2020/11/24 v1.1t fixes to LaTeX
(c:/Users/Q0RMCCHS/AppData/Roaming/TinyTeX/texmf-dist/tex/latex/base/ts1enc.def
File: ts1enc.def 2001/06/05 v3.0e (jk/car/fm) Standard LaTeX file
LaTeX Font Info:    Redeclaring font encoding TS1 on input line 47.
))
\g__um_fam_int=\count293
\g__um_fonts_used_int=\count294
\l__um_primecount_int=\count295
\g__um_primekern_muskip=\muskip18
(c:/Users/Q0RMCCHS/AppData/Roaming/TinyTeX/texmf-dist/tex/latex/unicode-math/unicode-math-table.tex))) (c:/Users/Q0RMCCHS/AppData/Roaming/TinyTeX/texmf-dist/tex/latex/xcolor/xcolor.sty
Package: xcolor 2024/09/29 v3.02 LaTeX color extensions (UK)
(c:/Users/Q0RMCCHS/AppData/Roaming/TinyTeX/texmf-dist/tex/latex/graphics-cfg/color.cfg
File: color.cfg 2016/01/02 v1.6 sample color configuration
)
Package xcolor Info: Driver file: xetex.def on input line 274.
(c:/Users/Q0RMCCHS/AppData/Roaming/TinyTeX/texmf-dist/tex/latex/graphics-def/xetex.def
File: xetex.def 2022/09/22 v5.0n Graphics/color driver for xetex
) (c:/Users/Q0RMCCHS/AppData/Roaming/TinyTeX/texmf-dist/tex/latex/graphics/mathcolor.ltx)
Package xcolor Info: Model `cmy' substituted by `cmy0' on input line 1349.
Package xcolor Info: Model `RGB' extended on input line 1365.
Package xcolor Info: Model `HTML' substituted by `rgb' on input line 1367.
Package xcolor Info: Model `Hsb' substituted by `hsb' on input line 1368.
Package xcolor Info: Model `tHsb' substituted by `hsb' on input line 1369.
Package xcolor Info: Model `HSB' substituted by `hsb' on input line 1370.
Package xcolor Info: Model `Gray' substituted by `gray' on input line 1371.
Package xcolor Info: Model `wave' substituted by `hsb' on input line 1372.
) (c:/Users/Q0RMCCHS/AppData/Roaming/TinyTeX/texmf-dist/tex/latex/tools/longtable.sty
Package: longtable 2024-10-27 v4.22 Multi-page Table package (DPC)
\LTleft=\skip54
\LTright=\skip55
\LTpre=\skip56
\LTpost=\skip57
\LTchunksize=\count296
\LTcapwidth=\dimen154
\LT@head=\box55
\LT@firsthead=\box56
\LT@foot=\box57
\LT@lastfoot=\box58
\LT@gbox=\box59
\LT@cols=\count297
\LT@rows=\count298
\c@LT@tables=\count299
\c@LT@chunks=\count300
\LT@p@ftn=\toks22
) (c:/Users/Q0RMCCHS/AppData/Roaming/TinyTeX/texmf-dist/tex/latex/booktabs/booktabs.sty
Package: booktabs 2020/01/12 v1.61803398 Publication quality tables
\heavyrulewidth=\dimen155
\lightrulewidth=\dimen156
\cmidrulewidth=\dimen157
\belowrulesep=\dimen158
\belowbottomsep=\dimen159
\aboverulesep=\dimen160
\abovetopsep=\dimen161
\cmidrulesep=\dimen162
\cmidrulekern=\dimen163
\defaultaddspace=\dimen164
\@cmidla=\count301
\@cmidlb=\count302
\@aboverulesep=\dimen165
\@belowrulesep=\dimen166
\@thisruleclass=\count303
\@lastruleclass=\count304
\@thisrulewidth=\dimen167
) (c:/Users/Q0RMCCHS/AppData/Roaming/TinyTeX/texmf-dist/tex/latex/tools/array.sty
Package: array 2024/10/17 v2.6g Tabular extension package (FMi)
\col@sep=\dimen168
\ar@mcellbox=\box60
\extrarowheight=\dimen169
\NC@list=\toks23
\extratabsurround=\skip58
\backup@length=\skip59
\ar@cellbox=\box61
) (c:/Users/Q0RMCCHS/AppData/Roaming/TinyTeX/texmf-dist/tex/latex/tools/calc.sty
Package: calc 2023/07/08 v4.3 Infix arithmetic (KKT,FJ)
\calc@Acount=\count305
\calc@Bcount=\count306
\calc@Adimen=\dimen170
\calc@Bdimen=\dimen171
\calc@Askip=\skip60
\calc@Bskip=\skip61
LaTeX Info: Redefining \setlength on input line 80.
LaTeX Info: Redefining \addtolength on input line 81.
\calc@Ccount=\count307
\calc@Cskip=\skip62
) (c:/Users/Q0RMCCHS/AppData/Roaming/TinyTeX/texmf-dist/tex/latex/etoolbox/etoolbox.sty
Package: etoolbox 2020/10/05 v2.5k e-TeX tools for LaTeX (JAW)
\etb@tempcnta=\count308
) (c:/Users/Q0RMCCHS/AppData/Roaming/TinyTeX/texmf-dist/tex/latex/mdwtools/footnote.sty
Package: footnote 1997/01/28 1.13 Save footnotes around boxes
\fn@notes=\box62
\fn@width=\dimen172
) (c:/Users/Q0RMCCHS/AppData/Roaming/TinyTeX/texmf-dist/tex/latex/graphics/graphicx.sty
Package: graphicx 2021/09/16 v1.2d Enhanced LaTeX Graphics (DPC,SPQR)
(c:/Users/Q0RMCCHS/AppData/Roaming/TinyTeX/texmf-dist/tex/latex/graphics/keyval.sty
Package: keyval 2022/05/29 v1.15 key=value parser (DPC)
\KV@toks@=\toks24
) (c:/Users/Q0RMCCHS/AppData/Roaming/TinyTeX/texmf-dist/tex/latex/graphics/graphics.sty
Package: graphics 2024/08/06 v1.4g Standard LaTeX Graphics (DPC,SPQR)
(c:/Users/Q0RMCCHS/AppData/Roaming/TinyTeX/texmf-dist/tex/latex/graphics/trig.sty
Package: trig 2023/12/02 v1.11 sin cos tan (DPC)
) (c:/Users/Q0RMCCHS/AppData/Roaming/TinyTeX/texmf-dist/tex/latex/graphics-cfg/graphics.cfg
File: graphics.cfg 2016/06/04 v1.11 sample graphics configuration
)
Package graphics Info: Driver file: xetex.def on input line 106.
)
\Gin@req@height=\dimen173
\Gin@req@width=\dimen174
)
\cslhangindent=\skip63
\csllabelwidth=\skip64
\cslentryspacingunit=\skip65
(c:/Users/Q0RMCCHS/AppData/Roaming/TinyTeX/texmf-dist/tex/latex/amscls/amsthm.sty
Package: amsthm 2020/05/29 v2.20.6
\thm@style=\toks25
\thm@bodyfont=\toks26
\thm@headfont=\toks27
\thm@notefont=\toks28
\thm@headpunct=\toks29
\thm@preskip=\skip66
\thm@postskip=\skip67
\thm@headsep=\skip68
\dth@everypar=\toks30
) (c:/Users/Q0RMCCHS/AppData/Roaming/TinyTeX/texmf-dist/tex/latex/natbib/natbib.sty
Package: natbib 2010/09/13 8.31b (PWD, AO)
\bibhang=\skip69
\bibsep=\skip70
LaTeX Info: Redefining \cite on input line 694.
\c@NAT@ctr=\count309
) (c:/Users/Q0RMCCHS/AppData/Roaming/TinyTeX/texmf-dist/tex/latex/bookmark/bookmark.sty
Package: bookmark 2023-12-10 v1.31 PDF bookmarks (HO)
(c:/Users/Q0RMCCHS/AppData/Roaming/TinyTeX/texmf-dist/tex/latex/hyperref/hyperref.sty
Package: hyperref 2024-11-05 v7.01l Hypertext links for LaTeX
(c:/Users/Q0RMCCHS/AppData/Roaming/TinyTeX/texmf-dist/tex/latex/kvsetkeys/kvsetkeys.sty
Package: kvsetkeys 2022-10-05 v1.19 Key value parser (HO)
) (c:/Users/Q0RMCCHS/AppData/Roaming/TinyTeX/texmf-dist/tex/generic/kvdefinekeys/kvdefinekeys.sty
Package: kvdefinekeys 2019-12-19 v1.6 Define keys (HO)
) (c:/Users/Q0RMCCHS/AppData/Roaming/TinyTeX/texmf-dist/tex/generic/pdfescape/pdfescape.sty
Package: pdfescape 2019/12/09 v1.15 Implements pdfTeX's escape features (HO)
(c:/Users/Q0RMCCHS/AppData/Roaming/TinyTeX/texmf-dist/tex/generic/ltxcmds/ltxcmds.sty
Package: ltxcmds 2023-12-04 v1.26 LaTeX kernel commands for general use (HO)
) (c:/Users/Q0RMCCHS/AppData/Roaming/TinyTeX/texmf-dist/tex/generic/pdftexcmds/pdftexcmds.sty
Package: pdftexcmds 2020-06-27 v0.33 Utility functions of pdfTeX for LuaTeX (HO)
(c:/Users/Q0RMCCHS/AppData/Roaming/TinyTeX/texmf-dist/tex/generic/infwarerr/infwarerr.sty
Package: infwarerr 2019/12/03 v1.5 Providing info/warning/error messages (HO)
)
Package pdftexcmds Info: \pdf@primitive is available.
Package pdftexcmds Info: \pdf@ifprimitive is available.
Package pdftexcmds Info: \pdfdraftmode not found.
)) (c:/Users/Q0RMCCHS/AppData/Roaming/TinyTeX/texmf-dist/tex/latex/hycolor/hycolor.sty
Package: hycolor 2020-01-27 v1.10 Color options for hyperref/bookmark (HO)
) (c:/Users/Q0RMCCHS/AppData/Roaming/TinyTeX/texmf-dist/tex/latex/hyperref/nameref.sty
Package: nameref 2023-11-26 v2.56 Cross-referencing by name of section
(c:/Users/Q0RMCCHS/AppData/Roaming/TinyTeX/texmf-dist/tex/latex/refcount/refcount.sty
Package: refcount 2019/12/15 v3.6 Data extraction from label references (HO)
) (c:/Users/Q0RMCCHS/AppData/Roaming/TinyTeX/texmf-dist/tex/generic/gettitlestring/gettitlestring.sty
Package: gettitlestring 2019/12/15 v1.6 Cleanup title references (HO)
(c:/Users/Q0RMCCHS/AppData/Roaming/TinyTeX/texmf-dist/tex/latex/kvoptions/kvoptions.sty
Package: kvoptions 2022-06-15 v3.15 Key value format for package options (HO)
))
\c@section@level=\count310
) (c:/Users/Q0RMCCHS/AppData/Roaming/TinyTeX/texmf-dist/tex/generic/stringenc/stringenc.sty
Package: stringenc 2019/11/29 v1.12 Convert strings between diff. encodings (HO)
)
\@linkdim=\dimen175
\Hy@linkcounter=\count311
\Hy@pagecounter=\count312
(c:/Users/Q0RMCCHS/AppData/Roaming/TinyTeX/texmf-dist/tex/latex/hyperref/pd1enc.def
File: pd1enc.def 2024-11-05 v7.01l Hyperref: PDFDocEncoding definition (HO)
) (c:/Users/Q0RMCCHS/AppData/Roaming/TinyTeX/texmf-dist/tex/generic/intcalc/intcalc.sty
Package: intcalc 2019/12/15 v1.3 Expandable calculations with integers (HO)
)
\Hy@SavedSpaceFactor=\count313
(c:/Users/Q0RMCCHS/AppData/Roaming/TinyTeX/texmf-dist/tex/latex/hyperref/puenc.def
File: puenc.def 2024-11-05 v7.01l Hyperref: PDF Unicode definition (HO)
)
Package hyperref Info: Option `unicode' set `true' on input line 4040.
Package hyperref Info: Hyper figures OFF on input line 4157.
Package hyperref Info: Link nesting OFF on input line 4162.
Package hyperref Info: Hyper index ON on input line 4165.
Package hyperref Info: Plain pages OFF on input line 4172.
Package hyperref Info: Backreferencing OFF on input line 4177.
Package hyperref Info: Implicit mode ON; LaTeX internals redefined.
Package hyperref Info: Bookmarks ON on input line 4424.
\c@Hy@tempcnt=\count314
(c:/Users/Q0RMCCHS/AppData/Roaming/TinyTeX/texmf-dist/tex/latex/url/url.sty
\Urlmuskip=\muskip19
Package: url 2013/09/16  ver 3.4  Verb mode for urls, etc.
)
LaTeX Info: Redefining \url on input line 4763.
\XeTeXLinkMargin=\dimen176
(c:/Users/Q0RMCCHS/AppData/Roaming/TinyTeX/texmf-dist/tex/generic/bitset/bitset.sty
Package: bitset 2019/12/09 v1.3 Handle bit-vector datatype (HO)
(c:/Users/Q0RMCCHS/AppData/Roaming/TinyTeX/texmf-dist/tex/generic/bigintcalc/bigintcalc.sty
Package: bigintcalc 2019/12/15 v1.5 Expandable calculations on big integers (HO)
))
\Fld@menulength=\count315
\Field@Width=\dimen177
\Fld@charsize=\dimen178
Package hyperref Info: Hyper figures OFF on input line 6042.
Package hyperref Info: Link nesting OFF on input line 6047.
Package hyperref Info: Hyper index ON on input line 6050.
Package hyperref Info: backreferencing OFF on input line 6057.
Package hyperref Info: Link coloring OFF on input line 6062.
Package hyperref Info: Link coloring with OCG OFF on input line 6067.
Package hyperref Info: PDF/A mode OFF on input line 6072.
(c:/Users/Q0RMCCHS/AppData/Roaming/TinyTeX/texmf-dist/tex/latex/base/atbegshi-ltx.sty
Package: atbegshi-ltx 2021/01/10 v1.0c Emulation of the original atbegshi
package with kernel methods
)
\Hy@abspage=\count316
\c@Item=\count317
\c@Hfootnote=\count318
)
Package hyperref Info: Driver (autodetected): hxetex.
(c:/Users/Q0RMCCHS/AppData/Roaming/TinyTeX/texmf-dist/tex/latex/hyperref/hxetex.def
File: hxetex.def 2024-11-05 v7.01l Hyperref driver for XeTeX
\pdfm@box=\box63
\c@Hy@AnnotLevel=\count319
\HyField@AnnotCount=\count320
\Fld@listcount=\count321
\c@bookmark@seq@number=\count322
(c:/Users/Q0RMCCHS/AppData/Roaming/TinyTeX/texmf-dist/tex/latex/rerunfilecheck/rerunfilecheck.sty
Package: rerunfilecheck 2022-07-10 v1.10 Rerun checks for auxiliary files (HO)
(c:/Users/Q0RMCCHS/AppData/Roaming/TinyTeX/texmf-dist/tex/latex/base/atveryend-ltx.sty
Package: atveryend-ltx 2020/08/19 v1.0a Emulation of the original atveryend package
with kernel methods
) (c:/Users/Q0RMCCHS/AppData/Roaming/TinyTeX/texmf-dist/tex/generic/uniquecounter/uniquecounter.sty
Package: uniquecounter 2019/12/15 v1.4 Provide unlimited unique counter (HO)
)
Package uniquecounter Info: New unique counter `rerunfilecheck' on input line 285.
)
\Hy@SectionHShift=\skip71
) (c:/Users/Q0RMCCHS/AppData/Roaming/TinyTeX/texmf-dist/tex/latex/bookmark/bkm-dvipdfm.def
File: bkm-dvipdfm.def 2023-12-10 v1.31 bookmark driver for dvipdfm (HO)
\BKM@id=\count323
)) (./totalrisk-users-guide.aux)
\openout1 = `totalrisk-users-guide.aux'.

LaTeX Font Info:    Checking defaults for OML/cmm/m/it on input line 112.
LaTeX Font Info:    ... okay on input line 112.
LaTeX Font Info:    Checking defaults for OMS/cmsy/m/n on input line 112.
LaTeX Font Info:    ... okay on input line 112.
LaTeX Font Info:    Checking defaults for OT1/cmr/m/n on input line 112.
LaTeX Font Info:    ... okay on input line 112.
LaTeX Font Info:    Checking defaults for T1/cmr/m/n on input line 112.
LaTeX Font Info:    ... okay on input line 112.
LaTeX Font Info:    Checking defaults for TS1/cmr/m/n on input line 112.
LaTeX Font Info:    ... okay on input line 112.
LaTeX Font Info:    Checking defaults for TU/lmr/m/n on input line 112.
LaTeX Font Info:    ... okay on input line 112.
LaTeX Font Info:    Checking defaults for OMX/cmex/m/n on input line 112.
LaTeX Font Info:    ... okay on input line 112.
LaTeX Font Info:    Checking defaults for U/cmr/m/n on input line 112.
LaTeX Font Info:    ... okay on input line 112.
LaTeX Font Info:    Checking defaults for PD1/pdf/m/n on input line 112.
LaTeX Font Info:    ... okay on input line 112.
LaTeX Font Info:    Checking defaults for PU/pdf/m/n on input line 112.
LaTeX Font Info:    ... okay on input line 112.
LaTeX Font Info:    Overwriting math alphabet `\mathrm' in version `normal'
(Font)                  OT1/lmr/m/n --> TU/lmr/m/n on input line 112.
LaTeX Font Info:    Overwriting math alphabet `\mathit' in version `normal'
(Font)                  OT1/lmr/m/it --> TU/lmr/m/it on input line 112.
LaTeX Font Info:    Overwriting math alphabet `\mathbf' in version `normal'
(Font)                  OT1/lmr/bx/n --> TU/lmr/bx/n on input line 112.
LaTeX Font Info:    Overwriting math alphabet `\mathsf' in version `normal'
(Font)                  OT1/lmss/m/n --> TU/lmss/m/n on input line 112.
LaTeX Font Info:    Overwriting math alphabet `\mathsf' in version `bold'
(Font)                  OT1/lmss/bx/n --> TU/lmss/bx/n on input line 112.
LaTeX Font Info:    Overwriting math alphabet `\mathtt' in version `normal'
(Font)                  OT1/lmtt/m/n --> TU/lmtt/m/n on input line 112.
LaTeX Font Info:    Overwriting math alphabet `\mathtt' in version `bold'
(Font)                  OT1/lmtt/m/n --> TU/lmtt/bx/n on input line 112.

Package fontspec Info: 
(fontspec)             latinmodern-math scale = 0.9999964596882403.


Package fontspec Info: 
(fontspec)             latinmodern-math scale = 0.9999964596882403.


Package fontspec Info: 
(fontspec)             latinmodern-math scale = 0.9999964596882403.


Package fontspec Info: 
(fontspec)             Font family 'latinmodern-math.otf(0)' created for font
(fontspec)             'latinmodern-math.otf' with options
(fontspec)             [Scale=MatchLowercase,BoldItalicFont={},ItalicFont={},SmallCapsFont={},Script=Math,BoldFont={latinmodern-math.otf}].
(fontspec)              
(fontspec)              This font family consists of the following NFSS
(fontspec)             series/shapes:
(fontspec)              
(fontspec)             - 'normal' (m/n) with NFSS spec.:
(fontspec)             <->s*[0.9999964596882403]"[latinmodern-math.otf]/OT:script=math;language=dflt;"
(fontspec)             - 'bold' (b/n) with NFSS spec.:
(fontspec)             <->s*[0.9999964596882403]"[latinmodern-math.otf]/OT:script=math;language=dflt;"

LaTeX Font Info:    Font shape `TU/latinmodern-math.otf(0)/m/n' will be
(Font)              scaled to size 10.0pt on input line 112.

Package fontspec Info: 
(fontspec)             latinmodern-math scale = 0.9999964596882403.


Package fontspec Info: 
(fontspec)             latinmodern-math scale = 0.9999964596882403.


Package fontspec Info: 
(fontspec)             latinmodern-math scale = 0.9999964596882403.


Package fontspec Info: 
(fontspec)             latinmodern-math scale = 0.9999964596882403.


Package fontspec Info: 
(fontspec)             latinmodern-math scale = 0.9999964596882403.


Package fontspec Info: 
(fontspec)             Font family 'latinmodern-math.otf(1)' created for font
(fontspec)             'latinmodern-math.otf' with options
(fontspec)             [Scale=MatchLowercase,BoldItalicFont={},ItalicFont={},SmallCapsFont={},Script=Math,SizeFeatures={{Size=8.5-},{Size=6-8.5,Font=latinmodern-math.otf,Style=MathScript},{Size=-6,Font=latinmodern-math.otf,Style=MathScriptScript}},BoldFont={latinmodern-math.otf}].
(fontspec)              
(fontspec)              This font family consists of the following NFSS
(fontspec)             series/shapes:
(fontspec)              
(fontspec)             - 'normal' (m/n) with NFSS spec.:
(fontspec)             <8.5->s*[0.9999964596882403]"[latinmodern-math.otf]/OT:script=math;language=dflt;"<6-8.5>s*[0.9999964596882403]"[latinmodern-math.otf]/OT:script=math;language=dflt;+ssty=0;"<-6>s*[0.9999964596882403]"[latinmodern-math.otf]/OT:script=math;language=dflt;+ssty=1;"
(fontspec)             - 'bold' (b/n) with NFSS spec.:
(fontspec)             <->s*[0.9999964596882403]"[latinmodern-math.otf]/OT:script=math;language=dflt;"

LaTeX Font Info:    Font shape `TU/latinmodern-math.otf(1)/m/n' will be
(Font)              scaled to size 10.0pt on input line 112.
LaTeX Font Info:    Encoding `OT1' has changed to `TU' for symbol font
(Font)              `operators' in the math version `normal' on input line 112.
LaTeX Font Info:    Overwriting symbol font `operators' in version `normal'
(Font)                  OT1/lmr/m/n --> TU/latinmodern-math.otf(1)/m/n on input line 112.
LaTeX Font Info:    Encoding `OT1' has changed to `TU' for symbol font
(Font)              `operators' in the math version `bold' on input line 112.
LaTeX Font Info:    Overwriting symbol font `operators' in version `bold'
(Font)                  OT1/lmr/bx/n --> TU/latinmodern-math.otf(1)/b/n on input line 112.

Package fontspec Info: 
(fontspec)             latinmodern-math scale = 0.9999964596882403.


Package fontspec Info: 
(fontspec)             latinmodern-math scale = 1.000096459334209.


Package fontspec Info: 
(fontspec)             latinmodern-math scale = 0.9999964596882403.


Package fontspec Info: 
(fontspec)             latinmodern-math scale = 1.000096459334209.


Package fontspec Info: 
(fontspec)             latinmodern-math scale = 0.9999964596882403.


Package fontspec Info: 
(fontspec)             latinmodern-math scale = 1.000096459334209.


Package fontspec Info: 
(fontspec)             latinmodern-math scale = 0.9999964596882403.


Package fontspec Info: 
(fontspec)             latinmodern-math scale = 1.000096459334209.


Package fontspec Info: 
(fontspec)             latinmodern-math scale = 0.9999964596882403.


Package fontspec Info: 
(fontspec)             latinmodern-math scale = 1.000096459334209.


Package fontspec Info: 
(fontspec)             Font family 'latinmodern-math.otf(2)' created for font
(fontspec)             'latinmodern-math.otf' with options
(fontspec)             [Scale=MatchLowercase,BoldItalicFont={},ItalicFont={},SmallCapsFont={},Script=Math,SizeFeatures={{Size=8.5-},{Size=6-8.5,Font=latinmodern-math.otf,Style=MathScript},{Size=-6,Font=latinmodern-math.otf,Style=MathScriptScript}},BoldFont={latinmodern-math.otf},ScaleAgain=1.0001,FontAdjustment={\fontdimen
(fontspec)             8\font =6.77pt\relax \fontdimen 9\font =3.94pt\relax
(fontspec)             \fontdimen 10\font =4.44pt\relax \fontdimen 11\font
(fontspec)             =6.86pt\relax \fontdimen 12\font =3.45pt\relax
(fontspec)             \fontdimen 13\font =3.63pt\relax \fontdimen 14\font
(fontspec)             =3.63pt\relax \fontdimen 15\font =2.89pt\relax
(fontspec)             \fontdimen 16\font =2.47pt\relax \fontdimen 17\font
(fontspec)             =2.47pt\relax \fontdimen 18\font =2.5pt\relax
(fontspec)             \fontdimen 19\font =2.0pt\relax \fontdimen 22\font
(fontspec)             =2.5pt\relax \fontdimen 20\font =0pt\relax \fontdimen
(fontspec)             21\font =0pt\relax }].
(fontspec)              
(fontspec)              This font family consists of the following NFSS
(fontspec)             series/shapes:
(fontspec)              
(fontspec)             - 'normal' (m/n) with NFSS spec.:
(fontspec)             <8.5->s*[1.000096459334209]"[latinmodern-math.otf]/OT:script=math;language=dflt;"<6-8.5>s*[1.000096459334209]"[latinmodern-math.otf]/OT:script=math;language=dflt;+ssty=0;"<-6>s*[1.000096459334209]"[latinmodern-math.otf]/OT:script=math;language=dflt;+ssty=1;"
(fontspec)             - 'bold' (b/n) with NFSS spec.:
(fontspec)             <->s*[1.000096459334209]"[latinmodern-math.otf]/OT:script=math;language=dflt;"

LaTeX Font Info:    Encoding `OMS' has changed to `TU' for symbol font
(Font)              `symbols' in the math version `normal' on input line 112.
LaTeX Font Info:    Overwriting symbol font `symbols' in version `normal'
(Font)                  OMS/lmsy/m/n --> TU/latinmodern-math.otf(2)/m/n on input line 112.
LaTeX Font Info:    Encoding `OMS' has changed to `TU' for symbol font
(Font)              `symbols' in the math version `bold' on input line 112.
LaTeX Font Info:    Overwriting symbol font `symbols' in version `bold'
(Font)                  OMS/lmsy/b/n --> TU/latinmodern-math.otf(2)/b/n on input line 112.

Package fontspec Info: 
(fontspec)             latinmodern-math scale = 0.9999964596882403.


Package fontspec Info: 
(fontspec)             latinmodern-math scale = 0.9998964600422715.


Package fontspec Info: 
(fontspec)             latinmodern-math scale = 0.9999964596882403.


Package fontspec Info: 
(fontspec)             latinmodern-math scale = 0.9998964600422715.


Package fontspec Info: 
(fontspec)             latinmodern-math scale = 0.9999964596882403.


Package fontspec Info: 
(fontspec)             latinmodern-math scale = 0.9998964600422715.


Package fontspec Info: 
(fontspec)             latinmodern-math scale = 0.9999964596882403.


Package fontspec Info: 
(fontspec)             latinmodern-math scale = 0.9998964600422715.


Package fontspec Info: 
(fontspec)             latinmodern-math scale = 0.9999964596882403.


Package fontspec Info: 
(fontspec)             latinmodern-math scale = 0.9998964600422715.


Package fontspec Info: 
(fontspec)             Font family 'latinmodern-math.otf(3)' created for font
(fontspec)             'latinmodern-math.otf' with options
(fontspec)             [Scale=MatchLowercase,BoldItalicFont={},ItalicFont={},SmallCapsFont={},Script=Math,SizeFeatures={{Size=8.5-},{Size=6-8.5,Font=latinmodern-math.otf,Style=MathScript},{Size=-6,Font=latinmodern-math.otf,Style=MathScriptScript}},BoldFont={latinmodern-math.otf},ScaleAgain=0.9999,FontAdjustment={\fontdimen
(fontspec)             8\font =0.4pt\relax \fontdimen 9\font =2.0pt\relax
(fontspec)             \fontdimen 10\font =1.67pt\relax \fontdimen 11\font
(fontspec)             =1.11pt\relax \fontdimen 12\font =6.0pt\relax
(fontspec)             \fontdimen 13\font =0pt\relax }].
(fontspec)              
(fontspec)              This font family consists of the following NFSS
(fontspec)             series/shapes:
(fontspec)              
(fontspec)             - 'normal' (m/n) with NFSS spec.:
(fontspec)             <8.5->s*[0.9998964600422715]"[latinmodern-math.otf]/OT:script=math;language=dflt;"<6-8.5>s*[0.9998964600422715]"[latinmodern-math.otf]/OT:script=math;language=dflt;+ssty=0;"<-6>s*[0.9998964600422715]"[latinmodern-math.otf]/OT:script=math;language=dflt;+ssty=1;"
(fontspec)             - 'bold' (b/n) with NFSS spec.:
(fontspec)             <->s*[0.9998964600422715]"[latinmodern-math.otf]/OT:script=math;language=dflt;"

LaTeX Font Info:    Encoding `OMX' has changed to `TU' for symbol font
(Font)              `largesymbols' in the math version `normal' on input line 112.
LaTeX Font Info:    Overwriting symbol font `largesymbols' in version `normal'
(Font)                  OMX/lmex/m/n --> TU/latinmodern-math.otf(3)/m/n on input line 112.
LaTeX Font Info:    Encoding `OMX' has changed to `TU' for symbol font
(Font)              `largesymbols' in the math version `bold' on input line 112.
LaTeX Font Info:    Overwriting symbol font `largesymbols' in version `bold'
(Font)                  OMX/lmex/m/n --> TU/latinmodern-math.otf(3)/b/n on input line 112.
Package hyperref Info: Link coloring OFF on input line 112.
LaTeX Font Info:    Font shape `TU/latinmodern-math.otf(1)/m/n' will be
(Font)              scaled to size 12.0pt on input line 114.
LaTeX Font Info:    Font shape `TU/latinmodern-math.otf(1)/m/n' will be
(Font)              scaled to size 8.0pt on input line 114.
LaTeX Font Info:    Font shape `TU/latinmodern-math.otf(1)/m/n' will be
(Font)              scaled to size 6.0pt on input line 114.
LaTeX Font Info:    Trying to load font information for OML+lmm on input line 114.
(c:/Users/Q0RMCCHS/AppData/Roaming/TinyTeX/texmf-dist/tex/latex/lm/omllmm.fd
File: omllmm.fd 2015/05/01 v1.6.1 Font defs for Latin Modern
)
LaTeX Font Info:    Font shape `TU/latinmodern-math.otf(2)/m/n' will be
(Font)              scaled to size 12.0011pt on input line 114.
LaTeX Font Info:    Font shape `TU/latinmodern-math.otf(2)/m/n' will be
(Font)              scaled to size 8.00073pt on input line 114.
LaTeX Font Info:    Font shape `TU/latinmodern-math.otf(2)/m/n' will be
(Font)              scaled to size 6.00055pt on input line 114.
LaTeX Font Info:    Font shape `TU/latinmodern-math.otf(3)/m/n' will be
(Font)              scaled to size 11.99872pt on input line 114.
LaTeX Font Info:    Font shape `TU/latinmodern-math.otf(3)/m/n' will be
(Font)              scaled to size 7.99915pt on input line 114.
LaTeX Font Info:    Font shape `TU/latinmodern-math.otf(3)/m/n' will be
(Font)              scaled to size 5.99936pt on input line 114.
LaTeX Font Info:    Trying to load font information for U+msa on input line 114.
(c:/Users/Q0RMCCHS/AppData/Roaming/TinyTeX/texmf-dist/tex/latex/amsfonts/umsa.fd
File: umsa.fd 2013/01/14 v3.01 AMS symbols A
)
LaTeX Font Info:    Trying to load font information for U+msb on input line 114.
(c:/Users/Q0RMCCHS/AppData/Roaming/TinyTeX/texmf-dist/tex/latex/amsfonts/umsb.fd
File: umsb.fd 2013/01/14 v3.01 AMS symbols B
)

[1


]

[2

] (./totalrisk-users-guide.toc
LaTeX Font Info:    Font shape `TU/latinmodern-math.otf(1)/m/n' will be
(Font)              scaled to size 7.0pt on input line 5.
LaTeX Font Info:    Font shape `TU/latinmodern-math.otf(1)/m/n' will be
(Font)              scaled to size 5.0pt on input line 5.
LaTeX Font Info:    Font shape `TU/latinmodern-math.otf(2)/m/n' will be
(Font)              scaled to size 10.00092pt on input line 5.
LaTeX Font Info:    Font shape `TU/latinmodern-math.otf(2)/m/n' will be
(Font)              scaled to size 7.00064pt on input line 5.
LaTeX Font Info:    Font shape `TU/latinmodern-math.otf(2)/m/n' will be
(Font)              scaled to size 5.00046pt on input line 5.
LaTeX Font Info:    Font shape `TU/latinmodern-math.otf(3)/m/n' will be
(Font)              scaled to size 9.99893pt on input line 5.
LaTeX Font Info:    Font shape `TU/latinmodern-math.otf(3)/m/n' will be
(Font)              scaled to size 6.99925pt on input line 5.
LaTeX Font Info:    Font shape `TU/latinmodern-math.otf(3)/m/n' will be
(Font)              scaled to size 4.99947pt on input line 5.


[3]

[4])
\tf@toc=\write3
\openout3 = `totalrisk-users-guide.toc'.



[5]

[6

]

[7]

[8

]
Chapter 1.


[9]

[10]

[11]

[12

]
Chapter 2.


[13]
File: images/figure0.png Graphic file (type bmp)
<images/figure0.png>

Package natbib Warning: Citation `cite-TechRef' on page 14 undefined on input line 208.


Package natbib Warning: Citation `cite-EM1619' on page 14 undefined on input line 208.


Package natbib Warning: Citation `cite-BestPractices' on page 14 undefined on input line 208.



[14]

[15]

[16

]
Chapter 3.
File: images/figure1.png Graphic file (type bmp)
<images/figure1.png>
File: images/figure2.png Graphic file (type bmp)
<images/figure2.png>


[17]
File: images/figure3.png Graphic file (type bmp)
<images/figure3.png>


[18]

[19]
Underfull \hbox (badness 1082) in paragraph at lines 292--293
\TU/lmr/m/n/10 BILITY OF ITS AGENCIES, OFFICIALS, REPRESENTATIVES, AND
 []



[20]
Chapter 4.
File: images/figure4.png Graphic file (type bmp)
<images/figure4.png>


[21

]
File: images/figure5.png Graphic file (type bmp)
<images/figure5.png>
File: images/figure6.png Graphic file (type bmp)
<images/figure6.png>
File: images/figure7.png Graphic file (type bmp)
<images/figure7.png>
File: images/figure8.png Graphic file (type bmp)
<images/figure8.png>
File: images/figure9.png Graphic file (type bmp)
<images/figure9.png>
File: images/figure10.png Graphic file (type bmp)
<images/figure10.png>


[22]

[23]

[24]

Package natbib Warning: Citation `cite-TechRef' on page 25 undefined on input line 409.



[25]
File: images/figure11.png Graphic file (type bmp)
<images/figure11.png>
File: images/figure12.png Graphic file (type bmp)
<images/figure12.png>
File: images/figure13.png Graphic file (type bmp)
<images/figure13.png>
File: images/figure14.png Graphic file (type bmp)
<images/figure14.png>


[26]

[27]
File: images/figure15.png Graphic file (type bmp)
<images/figure15.png>
File: images/figure16.png Graphic file (type bmp)
<images/figure16.png>
File: images/figure17.png Graphic file (type bmp)
<images/figure17.png>

Underfull \vbox (badness 3460) has occurred while \output is active []



[28]

[29]
File: images/figure18.png Graphic file (type bmp)
<images/figure18.png>
File: images/figure19.png Graphic file (type bmp)
<images/figure19.png>
File: images/figure20.png Graphic file (type bmp)
<images/figure20.png>


[30]

[31]
File: images/figure21.png Graphic file (type bmp)
<images/figure21.png>
File: images/figure22.png Graphic file (type bmp)
<images/figure22.png>


[32]
File: images/figure23.png Graphic file (type bmp)
<images/figure23.png>
File: images/figure24.png Graphic file (type bmp)
<images/figure24.png>
File: images/figure25.png Graphic file (type bmp)
<images/figure25.png>


[33]
File: images/figure26.png Graphic file (type bmp)
<images/figure26.png>
File: images/figure27.png Graphic file (type bmp)
<images/figure27.png>
File: images/figure28.png Graphic file (type bmp)
<images/figure28.png>
File: images/figure29.png Graphic file (type bmp)
<images/figure29.png>

Underfull \vbox (badness 5036) has occurred while \output is active []



[34]

[35]

[36]

[37]

[38]
File: images/figure30.png Graphic file (type bmp)
<images/figure30.png>
File: images/figure31.png Graphic file (type bmp)
<images/figure31.png>


[39]

[40]
File: images/figure32.png Graphic file (type bmp)
<images/figure32.png>
File: images/figure33.png Graphic file (type bmp)
<images/figure33.png>


[41]
File: images/figure34.png Graphic file (type bmp)
<images/figure34.png>
File: images/figure35.png Graphic file (type bmp)
<images/figure35.png>
File: images/figure36.png Graphic file (type bmp)
<images/figure36.png>
File: images/figure37.png Graphic file (type bmp)
<images/figure37.png>


[42]

[43]

[44]

[45]
File: images/figure38.png Graphic file (type bmp)
<images/figure38.png>
File: images/trackdata.png Graphic file (type bmp)
<images/trackdata.png>
File: images/figure39.png Graphic file (type bmp)
<images/figure39.png>
File: images/pan.png Graphic file (type bmp)
<images/pan.png>
File: images/zoomin.png Graphic file (type bmp)
<images/zoomin.png>
File: images/figure40.png Graphic file (type bmp)
<images/figure40.png>
File: images/zoomout.png Graphic file (type bmp)
<images/zoomout.png>
File: images/annotations.png Graphic file (type bmp)
<images/annotations.png>
File: images/figure41.png Graphic file (type bmp)
<images/figure41.png>


[46]

[47]
File: images/figure42.png Graphic file (type bmp)
<images/figure42.png>
File: images/saveplot.png Graphic file (type bmp)
<images/saveplot.png>
File: images/figure43.png Graphic file (type bmp)
<images/figure43.png>
File: images/exportplot.png Graphic file (type bmp)
<images/exportplot.png>
File: images/plotproperties.png Graphic file (type bmp)
<images/plotproperties.png>


[48]
File: images/figure44.png Graphic file (type bmp)
<images/figure44.png>
File: images/addrow.png Graphic file (type bmp)
<images/addrow.png>
File: images/insertrow.png Graphic file (type bmp)
<images/insertrow.png>
File: images/deleterow.png Graphic file (type bmp)
<images/deleterow.png>
File: images/selectallcells.png Graphic file (type bmp)
<images/selectallcells.png>
File: images/copyselectedcells.png Graphic file (type bmp)
<images/copyselectedcells.png>
File: images/copywheaders.png Graphic file (type bmp)
<images/copywheaders.png>
File: images/tablepaste.png Graphic file (type bmp)
<images/tablepaste.png>
File: images/exporttable.png Graphic file (type bmp)
<images/exporttable.png>
File: images/selectbyattribute.png Graphic file (type bmp)
<images/selectbyattribute.png>
File: images/figure45.png Graphic file (type bmp)
<images/figure45.png>
File: images/showallrows.png Graphic file (type bmp)
<images/showallrows.png>


[49]

[50]
File: images/showselectedrows.png Graphic file (type bmp)
<images/showselectedrows.png>
File: images/deselectrows.png Graphic file (type bmp)
<images/deselectrows.png>
File: images/figure46.png Graphic file (type bmp)
<images/figure46.png>
File: images/figure47.png Graphic file (type bmp)
<images/figure47.png>


[51]

[52]
Chapter 5.
File: images/figure48.png Graphic file (type bmp)
<images/figure48.png>
File: images/figure49.png Graphic file (type bmp)
<images/figure49.png>
File: images/figure50.png Graphic file (type bmp)
<images/figure50.png>
File: images/figure51.png Graphic file (type bmp)
<images/figure51.png>


[53

]

[54]
File: images/figure52.png Graphic file (type bmp)
<images/figure52.png>


[55]

[56

]
Chapter 6.

Package natbib Warning: Citation `cite-BestPractices' on page 57 undefined on input line 1063.


Package natbib Warning: Citation `cite-SmithBartlesFleming' on page 57 undefined on input line 1063.


Package natbib Warning: Citation `cite-SmithBestFitGuide' on page 57 undefined on input line 1070.



[57]
File: images/figure54.png Graphic file (type bmp)
<images/figure54.png>
File: images/figure55.png Graphic file (type bmp)
<images/figure55.png>
File: images/figure56.png Graphic file (type bmp)
<images/figure56.png>
File: images/figure57.png Graphic file (type bmp)
<images/figure57.png>


[58]

[59]
File: images/figure58.png Graphic file (type bmp)
<images/figure58.png>
File: images/figure59.png Graphic file (type bmp)
<images/figure59.png>

Package natbib Warning: Citation `cite-SmithBartlesFleming' on page 60 undefined on input line 1156.



[60]
File: images/figure60.png Graphic file (type bmp)
<images/figure60.png>
File: images/figure61.png Graphic file (type bmp)
<images/figure61.png>


[61]

[62]
File: images/figure62.png Graphic file (type bmp)
<images/figure62.png>
File: images/figure63.png Graphic file (type bmp)
<images/figure63.png>

Underfull \vbox (badness 1117) has occurred while \output is active []



[63]

[64]
File: images/figure64.png Graphic file (type bmp)
<images/figure64.png>
File: images/figure65.png Graphic file (type bmp)
<images/figure65.png>
File: images/figure66.png Graphic file (type bmp)
<images/figure66.png>

Underfull \vbox (badness 1997) has occurred while \output is active []



[65]

[66]
File: images/figure67.png Graphic file (type bmp)
<images/figure67.png>
File: images/figure68.png Graphic file (type bmp)
<images/figure68.png>
File: images/figure69.png Graphic file (type bmp)
<images/figure69.png>


[67]

[68]
File: images/figure70.png Graphic file (type bmp)
<images/figure70.png>
File: images/figure71.png Graphic file (type bmp)
<images/figure71.png>


[69]
File: images/figure72.png Graphic file (type bmp)
<images/figure72.png>
File: images/figure73.png Graphic file (type bmp)
<images/figure73.png>


[70]

[71]

[72]
Chapter 7.
File: images/figure74.png Graphic file (type bmp)
<images/figure74.png>
File: images/figure75.png Graphic file (type bmp)
<images/figure75.png>
File: images/figure76.png Graphic file (type bmp)
<images/figure76.png>


[73

]

[74]
File: images/figure77.png Graphic file (type bmp)
<images/figure77.png>


[75]
File: images/figure78.png Graphic file (type bmp)
<images/figure78.png>
File: images/figure79.png Graphic file (type bmp)
<images/figure79.png>

Underfull \vbox (badness 10000) has occurred while \output is active []



[76]
File: images/figure80.png Graphic file (type bmp)
<images/figure80.png>


[77]
File: images/figure81.png Graphic file (type bmp)
<images/figure81.png>
File: images/figure82.png Graphic file (type bmp)
<images/figure82.png>


[78]
File: images/figure83.png Graphic file (type bmp)
<images/figure83.png>


[79]

[80]
Chapter 8.

Package natbib Warning: Citation `cite-BestPractices' on page 81 undefined on input line 1520.


Package natbib Warning: Citation `cite-HartfordBaecher' on page 81 undefined on input line 1520.


Package natbib Warning: Citation `cite-TechRef' on page 81 undefined on input line 1520.



[81

]
File: images/figure84.png Graphic file (type bmp)
<images/figure84.png>
File: images/figure85.png Graphic file (type bmp)
<images/figure85.png>

Package natbib Warning: Citation `cite-TechRef' on page 82 undefined on input line 1547.

File: images/hazardnode.png Graphic file (type bmp)
<images/hazardnode.png>
File: images/chancenode.png Graphic file (type bmp)
<images/chancenode.png>


[82]

[83]
File: images/referencenode.png Graphic file (type bmp)
<images/referencenode.png>
File: images/remaindernode.png Graphic file (type bmp)
<images/remaindernode.png>


[84]
File: images/figure86.png Graphic file (type bmp)
<images/figure86.png>
File: images/deletebranches.png Graphic file (type bmp)
<images/deletebranches.png>
File: images/copybranches.png Graphic file (type bmp)
<images/copybranches.png>
File: images/pastebranches.png Graphic file (type bmp)
<images/pastebranches.png>
File: images/newbranch.png Graphic file (type bmp)
<images/newbranch.png>
File: images/figure87.png Graphic file (type bmp)
<images/figure87.png>
File: images/deletebranch.png Graphic file (type bmp)
<images/deletebranch.png>
File: images/branchproperties.png Graphic file (type bmp)
<images/branchproperties.png>
File: images/savetemplate.png Graphic file (type bmp)
<images/savetemplate.png>


[85]
File: images/figure88.png Graphic file (type bmp)
<images/figure88.png>
File: images/branchproperties.png Graphic file (type bmp)
<images/branchproperties.png>
File: images/figure89.png Graphic file (type bmp)
<images/figure89.png>
File: images/deletebranch.png Graphic file (type bmp)
<images/deletebranch.png>
File: images/newbranch.png Graphic file (type bmp)
<images/newbranch.png>


[86]

[87]

[88]
File: images/figure90.png Graphic file (type bmp)
<images/figure90.png>
File: images/figure91.png Graphic file (type bmp)
<images/figure91.png>


[89]
File: images/figure92.png Graphic file (type bmp)
<images/figure92.png>
File: images/figure93.png Graphic file (type bmp)
<images/figure93.png>


[90]

[91]
File: images/figure94.png Graphic file (type bmp)
<images/figure94.png>
File: images/figure95.png Graphic file (type bmp)
<images/figure95.png>
File: images/figure96.png Graphic file (type bmp)
<images/figure96.png>


[92]
File: images/figure97.png Graphic file (type bmp)
<images/figure97.png>
File: images/figure98.png Graphic file (type bmp)
<images/figure98.png>
File: images/figure99.png Graphic file (type bmp)
<images/figure99.png>


[93]

[94]

[95]
File: images/figure100.png Graphic file (type bmp)
<images/figure100.png>
File: images/figure101.png Graphic file (type bmp)
<images/figure101.png>

Underfull \vbox (badness 10000) has occurred while \output is active []



[96]
File: images/figure102.png Graphic file (type bmp)
<images/figure102.png>


[97]
File: images/figure103.png Graphic file (type bmp)
<images/figure103.png>
File: images/figure104.png Graphic file (type bmp)
<images/figure104.png>


[98]
File: images/figure105.png Graphic file (type bmp)
<images/figure105.png>
File: images/figure106.png Graphic file (type bmp)
<images/figure106.png>


[99]

[100]

Package natbib Warning: Citation `cite-TechRef' on page 101 undefined on input line 1981.

File: images/figure107.png Graphic file (type bmp)
<images/figure107.png>


[101]
File: images/figure108.png Graphic file (type bmp)
<images/figure108.png>
File: images/figure109.png Graphic file (type bmp)
<images/figure109.png>


[102]
File: images/figure110.png Graphic file (type bmp)
<images/figure110.png>
File: images/figure111.png Graphic file (type bmp)
<images/figure111.png>


[103]

[104]
Chapter 9.

Package natbib Warning: Citation `cite-LifeSimManual' on page 105 undefined on input line 2051.


Package natbib Warning: Citation `cite-Fields2016' on page 105 undefined on input line 2051.

File: images/figure112.png Graphic file (type bmp)
<images/figure112.png>


[105

]
File: images/figure113.png Graphic file (type bmp)
<images/figure113.png>


[106]

[107]
File: images/figure114.png Graphic file (type bmp)
<images/figure114.png>
File: images/figure115.png Graphic file (type bmp)
<images/figure115.png>

LaTeX Warning: Float too large for page by 24.07779pt on input line 2122.



[108]

[109]
File: images/figure116.png Graphic file (type bmp)
<images/figure116.png>
File: images/figure117.png Graphic file (type bmp)
<images/figure117.png>
File: images/figure118.png Graphic file (type bmp)
<images/figure118.png>


[110]

[111]
File: images/figure119.png Graphic file (type bmp)
<images/figure119.png>
File: images/figure120.png Graphic file (type bmp)
<images/figure120.png>
File: images/figure121.png Graphic file (type bmp)
<images/figure121.png>


[112]
File: images/figure122.png Graphic file (type bmp)
<images/figure122.png>


[113]

[114]

[115]

[116

]
Chapter 10.

Package natbib Warning: Citation `cite-TechRef' on page 117 undefined on input line 2249.


Underfull \vbox (badness 5802) has occurred while \output is active []



[117]
File: images/figure123.png Graphic file (type bmp)
<images/figure123.png>
File: images/figure124.png Graphic file (type bmp)
<images/figure124.png>
File: images/figure125.png Graphic file (type bmp)
<images/figure125.png>


[118]

[119]
File: images/figure126.png Graphic file (type bmp)
<images/figure126.png>


[120]
File: images/figure127.png Graphic file (type bmp)
<images/figure127.png>

Package natbib Warning: Citation `cite-TechRef' on page 121 undefined on input line 2350.

File: images/figure128.png Graphic file (type bmp)
<images/figure128.png>


[121]

[122]
File: images/figure129.png Graphic file (type bmp)
<images/figure129.png>


[123]

[124]
File: images/figure130.png Graphic file (type bmp)
<images/figure130.png>

Package natbib Warning: Citation `cite-TechRef' on page 125 undefined on input line 2479.



[125]
File: images/figure131.png Graphic file (type bmp)
<images/figure131.png>


[126]
File: images/figure132.png Graphic file (type bmp)
<images/figure132.png>
File: images/figure133.png Graphic file (type bmp)
<images/figure133.png>
File: images/figure134.png Graphic file (type bmp)
<images/figure134.png>


[127]
File: images/hazardIcon.png Graphic file (type bmp)
<images/hazardIcon.png>
File: images/transformIcon.png Graphic file (type bmp)
<images/transformIcon.png>


[128]
File: images/responseIcon.png Graphic file (type bmp)
<images/responseIcon.png>
File: images/consequenceIcon.png Graphic file (type bmp)
<images/consequenceIcon.png>
File: images/figure135.png Graphic file (type bmp)
<images/figure135.png>


[129]
File: images/riskproperties.png Graphic file (type bmp)
<images/riskproperties.png>

Package natbib Warning: Citation `cite-TechRef' on page 130 undefined on input line 2662.



[130]
File: images/risksimulation.png Graphic file (type bmp)
<images/risksimulation.png>


[131]

[132]
Chapter 11.
File: images/figure136.png Graphic file (type bmp)
<images/figure136.png>
File: images/figure137.png Graphic file (type bmp)
<images/figure137.png>

Package natbib Warning: Citation `cite-EM1619' on page 133 undefined on input line 2706.


Package natbib Warning: Citation `cite-ER1156' on page 133 undefined on input line 2706.



[133

]

[134]

Package natbib Warning: Citation `cite-TechRef' on page 135 undefined on input line 2715.


Package natbib Warning: Citation `cite-CenterforChemicalProcessSafety' on page 135 undefined on input line 2722.


Package natbib Warning: Citation `cite-ER1156' on page 135 undefined on input line 2724.

File: images/figure138.png Graphic file (type bmp)
<images/figure138.png>
File: images/figure139.png Graphic file (type bmp)
<images/figure139.png>


[135]

[136]
File: images/figure140.png Graphic file (type bmp)
<images/figure140.png>

Underfull \vbox (badness 10000) has occurred while \output is active []



[137]
File: images/figure141.png Graphic file (type bmp)
<images/figure141.png>
File: images/figure142.png Graphic file (type bmp)
<images/figure142.png>


[138]

[139]
Missing character: There is no  (U+03C3) in font [lmroman10-bold]:mapping=tex-text;!


[140]
Chapter 12.
File: images/figure143.png Graphic file (type bmp)
<images/figure143.png>


[141

]
Missing character: There is no  (U+03C3) in font [lmroman10-bold]:mapping=tex-text;!


[142]

Package natbib Warning: Citation `cite-TechRef' on page 143 undefined on input line 2860.

File: images/figure144.png Graphic file (type bmp)
<images/figure144.png>
File: images/figure145.png Graphic file (type bmp)
<images/figure145.png>
File: images/figure146.png Graphic file (type bmp)
<images/figure146.png>
File: images/figure147.png Graphic file (type bmp)
<images/figure147.png>

Package natbib Warning: Citation `cite-TechRef' on page 143 undefined on input line 2914.



[143]

[144]
File: images/figure148.png Graphic file (type bmp)
<images/figure148.png>


[145]
File: images/figure149.png Graphic file (type bmp)
<images/figure149.png>

Package natbib Warning: Citation `cite-ECB2019' on page 146 undefined on input line 2962.



[146]
File: images/figure150.png Graphic file (type bmp)
<images/figure150.png>

Underfull \vbox (badness 10000) has occurred while \output is active []



[147]
File: images/figure151.png Graphic file (type bmp)
<images/figure151.png>


[148]
File: images/figure152.png Graphic file (type bmp)
<images/figure152.png>
File: images/figure153.png Graphic file (type bmp)
<images/figure153.png>
File: images/figure154.png Graphic file (type bmp)
<images/figure154.png>


[149]

[150]

[151]

[152

]
Chapter 13.
[153] (./totalrisk-users-guide.bbl

[154]
Underfull \hbox (badness 1107) in paragraph at lines 9--12
\TU/lmr/m/n/10 D.C., 1996.  URL []$[][][][][] [] [] [] [][][] [] [][][][][][][][][][][][] [] [][][][][] [] [][][][] [] [][][] [] [][][][][][][] [] [][] []
 []


Underfull \hbox (badness 4686) in paragraph at lines 14--17
[]\TU/lmr/m/it/10 Safety of Dams - Policy and Procedures, ER 1110-2-1156\TU/lmr/m/n/10 .  De-
 []


Underfull \hbox (badness 1521) in paragraph at lines 14--17
\TU/lmr/m/n/10 partment of the Army, U.S. Army Corps of Engineers, Washington,
 []


Underfull \hbox (badness 1107) in paragraph at lines 14--17
\TU/lmr/m/n/10 D.C., 2014.  URL []$[][][][][] [] [] [] [][][] [] [][][][][][][][][][][][] [] [][][][][] [] [][][][] [] [][][] [] [][][][][][][] [] [][] []
 []


Underfull \hbox (badness 10000) in paragraph at lines 19--22
[]$[][][][][] [] [] [] [][][] [] [][][] [] [][][][][] [] [][][][] [] [][][] [] [][][][][][][][][][] [] [][][][][][][] [] [][][][][][][][][][][][] [] [][][][][] []
 []

! Misplaced alignment tab character &.
l.31 \newblock John Wiley &
                            Sons, Inc., Hoboken, New Jersey, 2009. 
Here is how much of TeX's memory you used:
 20594 strings out of 475852
 397090 string characters out of 5773088
 864862 words of memory out of 5000000
 43115 multiletter control sequences out of 15000+600000
 565288 words of font info for 89 fonts, out of 8000000 for 9000
 14 hyphenation exceptions out of 8191
 90i,6n,123p,869b,485s stack positions out of 10000i,1000n,20000p,200000b,200000s

Output written on totalrisk-users-guide.pdf (154 pages).
